\BOOKMARK [1][-]{section.1}{\376\377\000I\000n\000t\000r\000o\000d\000u\000c\000t\000i\000o\000n}{}% 1
\BOOKMARK [1][-]{section.2}{\376\377\000A\000c\000c\000e\000s\000s\000i\000n\000g\000\040\000t\000h\000e\000\040\000c\000o\000d\000e}{}% 2
\BOOKMARK [1][-]{section.3}{\376\377\000B\000o\000t\000\040\000F\000u\000n\000c\000t\000i\000o\000n\000\040\000S\000t\000r\000u\000c\000t\000u\000r\000e}{}% 3
\BOOKMARK [2][-]{subsection.3.1}{\376\377\000P\000a\000r\000a\000m\000e\000t\000e\000r\000s}{section.3}% 4
\BOOKMARK [2][-]{subsection.3.2}{\376\377\000R\000e\000t\000u\000r\000n\000\040\000V\000a\000l\000u\000e}{section.3}% 5
\BOOKMARK [2][-]{subsection.3.3}{\376\377\000C\000l\000a\000s\000s\000\040\000s\000e\000l\000e\000c\000t\000i\000o\000n}{section.3}% 6
\BOOKMARK [1][-]{section.4}{\376\377\000G\000a\000m\000e\000\040\000S\000t\000a\000t\000e\000\040\000S\000t\000r\000u\000c\000t\000u\000r\000e}{}% 7
\BOOKMARK [1][-]{section.5}{\376\377\000G\000a\000m\000e\000\040\000A\000r\000c\000h\000i\000v\000e\000\040\000S\000t\000r\000u\000c\000t\000u\000r\000e}{}% 8
\BOOKMARK [2][-]{subsection.5.1}{\376\377\000A\000r\000c\000h\000i\000v\000e\000\040\000S\000t\000r\000u\000c\000t\000u\000r\000e}{section.5}% 9
\BOOKMARK [2][-]{subsection.5.2}{\376\377\000A\000r\000c\000h\000i\000v\000e\000\040\000A\000n\000a\000l\000y\000s\000i\000s\000\040\000S\000t\000r\000a\000t\000e\000g\000i\000e\000s}{section.5}% 10
\BOOKMARK [1][-]{section.6}{\376\377\000A\000c\000t\000i\000o\000n\000s\000\040\000R\000e\000f\000e\000r\000e\000n\000c\000e}{}% 11
\BOOKMARK [2][-]{subsection.6.1}{\376\377\000B\000a\000s\000i\000c\000\040\000A\000c\000t\000i\000o\000n\000s}{section.6}% 12
\BOOKMARK [2][-]{subsection.6.2}{\376\377\000I\000t\000e\000m\000\040\000A\000c\000t\000i\000o\000n\000s}{section.6}% 13
\BOOKMARK [2][-]{subsection.6.3}{\376\377\000C\000l\000a\000s\000s\000-\000S\000p\000e\000c\000i\000f\000i\000c\000\040\000S\000k\000i\000l\000l\000s}{section.6}% 14
\BOOKMARK [3][-]{subsubsection.6.3.1}{\376\377\000W\000a\000r\000r\000i\000o\000r\000\040\000S\000k\000i\000l\000l\000s}{subsection.6.3}% 15
\BOOKMARK [3][-]{subsubsection.6.3.2}{\376\377\000M\000a\000g\000e\000\040\000S\000k\000i\000l\000l\000s}{subsection.6.3}% 16
\BOOKMARK [3][-]{subsubsection.6.3.3}{\376\377\000R\000o\000g\000u\000e\000\040\000S\000k\000i\000l\000l\000s}{subsection.6.3}% 17
\BOOKMARK [1][-]{section.7}{\376\377\000C\000h\000a\000r\000a\000c\000t\000e\000r\000\040\000C\000l\000a\000s\000s\000e\000s}{}% 18
\BOOKMARK [2][-]{subsection.7.1}{\376\377\000W\000a\000r\000r\000i\000o\000r}{section.7}% 19
\BOOKMARK [2][-]{subsection.7.2}{\376\377\000M\000a\000g\000e}{section.7}% 20
\BOOKMARK [2][-]{subsection.7.3}{\376\377\000R\000o\000g\000u\000e}{section.7}% 21
\BOOKMARK [1][-]{section.8}{\376\377\000I\000n\000v\000e\000n\000t\000o\000r\000y\000\040\000I\000t\000e\000m\000s}{}% 22
\BOOKMARK [1][-]{section.9}{\376\377\000S\000t\000r\000a\000t\000e\000g\000y\000\040\000G\000u\000i\000d\000e}{}% 23
\BOOKMARK [2][-]{subsection.9.1}{\376\377\000G\000e\000n\000e\000r\000a\000l\000\040\000T\000i\000p\000s}{section.9}% 24
\BOOKMARK [2][-]{subsection.9.2}{\376\377\000C\000l\000a\000s\000s\000-\000S\000p\000e\000c\000i\000f\000i\000c\000\040\000S\000t\000r\000a\000t\000e\000g\000i\000e\000s}{section.9}% 25
\BOOKMARK [2][-]{subsection.9.3}{\376\377\000S\000k\000i\000l\000l\000\040\000P\000o\000i\000n\000t\000s}{section.9}% 26
\BOOKMARK [2][-]{subsection.9.4}{\376\377\000D\000e\000f\000e\000n\000s\000e\000\040\000a\000n\000d\000\040\000D\000o\000d\000g\000i\000n\000g}{section.9}% 27
\BOOKMARK [2][-]{subsection.9.5}{\376\377\000S\000t\000a\000t\000u\000s\000\040\000E\000f\000f\000e\000c\000t\000s}{section.9}% 28
\BOOKMARK [1][-]{section.10}{\376\377\000A\000d\000v\000a\000n\000c\000e\000d\000\040\000B\000o\000t\000\040\000S\000t\000r\000a\000t\000e\000g\000i\000e\000s}{}% 29
\BOOKMARK [2][-]{subsection.10.1}{\376\377\000U\000s\000i\000n\000g\000\040\000t\000h\000e\000\040\000G\000a\000m\000e\000\040\000A\000r\000c\000h\000i\000v\000e\000\040\000f\000o\000r\000\040\000M\000a\000c\000h\000i\000n\000e\000\040\000L\000e\000a\000r\000n\000i\000n\000g}{section.10}% 30
\BOOKMARK [1][-]{section.11}{\376\377\000E\000x\000a\000m\000p\000l\000e\000\040\000B\000o\000t}{}% 31
\BOOKMARK [1][-]{section.12}{\376\377\000T\000e\000s\000t\000i\000n\000g\000\040\000Y\000o\000u\000r\000\040\000B\000o\000t}{}% 32
\BOOKMARK [1][-]{section.13}{\376\377\000T\000r\000o\000u\000b\000l\000e\000s\000h\000o\000o\000t\000i\000n\000g}{}% 33
